  Game.cpp
f:\github\finalprojectgame\castlevania\gamefinal\gamefinal\game.h(86): warning C4244: 'return': conversion from 'float' to 'int', possible loss of data
f:\github\finalprojectgame\castlevania\gamefinal\gamefinal\game.h(87): warning C4244: 'return': conversion from 'float' to 'int', possible loss of data
  Item.cpp
  PlayScence.cpp
f:\github\finalprojectgame\castlevania\gamefinal\gamefinal\game.h(86): warning C4244: 'return': conversion from 'float' to 'int', possible loss of data
f:\github\finalprojectgame\castlevania\gamefinal\gamefinal\game.h(87): warning C4244: 'return': conversion from 'float' to 'int', possible loss of data
f:\github\finalprojectgame\castlevania\gamefinal\gamefinal\playscence.cpp(93): warning C4018: '<': signed/unsigned mismatch
f:\github\finalprojectgame\castlevania\gamefinal\gamefinal\playscence.cpp(115): warning C4018: '<': signed/unsigned mismatch
f:\github\finalprojectgame\castlevania\gamefinal\gamefinal\playscence.cpp(138): warning C4244: 'initializing': conversion from 'double' to 'float', possible loss of data
f:\github\finalprojectgame\castlevania\gamefinal\gamefinal\playscence.cpp(139): warning C4244: 'initializing': conversion from 'double' to 'float', possible loss of data
f:\github\finalprojectgame\castlevania\gamefinal\gamefinal\playscence.cpp(166): warning C4244: 'initializing': conversion from 'double' to 'float', possible loss of data
f:\github\finalprojectgame\castlevania\gamefinal\gamefinal\playscence.cpp(167): warning C4244: 'initializing': conversion from 'double' to 'float', possible loss of data
f:\github\finalprojectgame\castlevania\gamefinal\gamefinal\playscence.cpp(174): warning C4244: 'initializing': conversion from 'double' to 'float', possible loss of data
f:\github\finalprojectgame\castlevania\gamefinal\gamefinal\playscence.cpp(175): warning C4244: 'initializing': conversion from 'double' to 'float', possible loss of data
f:\github\finalprojectgame\castlevania\gamefinal\gamefinal\playscence.cpp(207): warning C4018: '<': signed/unsigned mismatch
f:\github\finalprojectgame\castlevania\gamefinal\gamefinal\playscence.cpp(300): warning C4244: '=': conversion from 'int' to 'float', possible loss of data
f:\github\finalprojectgame\castlevania\gamefinal\gamefinal\playscence.cpp(344): warning C4244: 'argument': conversion from 'int' to 'float', possible loss of data
f:\github\finalprojectgame\castlevania\gamefinal\gamefinal\playscence.cpp(348): warning C4018: '<': signed/unsigned mismatch
f:\github\finalprojectgame\castlevania\gamefinal\gamefinal\playscence.cpp(357): warning C4018: '<': signed/unsigned mismatch
  Simon.cpp
f:\github\finalprojectgame\castlevania\gamefinal\gamefinal\game.h(86): warning C4244: 'return': conversion from 'float' to 'int', possible loss of data
f:\github\finalprojectgame\castlevania\gamefinal\gamefinal\game.h(87): warning C4244: 'return': conversion from 'float' to 'int', possible loss of data
  Source.cpp
f:\github\finalprojectgame\castlevania\gamefinal\gamefinal\game.h(86): warning C4244: 'return': conversion from 'float' to 'int', possible loss of data
f:\github\finalprojectgame\castlevania\gamefinal\gamefinal\game.h(87): warning C4244: 'return': conversion from 'float' to 'int', possible loss of data
  Whip.cpp
  Generating Code...
  GameFinal.vcxproj -> F:\Github\FinalProjectGame\Castlevania\GameFinal\Debug\GameFinal.exe
