c:\users\thanh\source\repos\gamefinal\gamefinal\debug\vc141.pdb
c:\users\thanh\source\repos\gamefinal\gamefinal\debug\vc141.idb
c:\users\thanh\source\repos\gamefinal\gamefinal\debug\utils.obj
c:\users\thanh\source\repos\gamefinal\gamefinal\debug\textures.obj
c:\users\thanh\source\repos\gamefinal\gamefinal\debug\sprites.obj
c:\users\thanh\source\repos\gamefinal\gamefinal\debug\source.obj
c:\users\thanh\source\repos\gamefinal\gamefinal\debug\simon.obj
c:\users\thanh\source\repos\gamefinal\gamefinal\debug\scence.obj
c:\users\thanh\source\repos\gamefinal\gamefinal\debug\portal.obj
c:\users\thanh\source\repos\gamefinal\gamefinal\debug\playscence.obj
c:\users\thanh\source\repos\gamefinal\gamefinal\debug\mario.obj
c:\users\thanh\source\repos\gamefinal\gamefinal\debug\koopas.obj
c:\users\thanh\source\repos\gamefinal\gamefinal\debug\goomba.obj
c:\users\thanh\source\repos\gamefinal\gamefinal\debug\gameobject.obj
c:\users\thanh\source\repos\gamefinal\gamefinal\debug\game.obj
c:\users\thanh\source\repos\gamefinal\gamefinal\debug\brick.obj
c:\users\thanh\source\repos\gamefinal\gamefinal\debug\animations.obj
c:\users\thanh\source\repos\gamefinal\debug\gamefinal.exe
c:\users\thanh\source\repos\gamefinal\debug\gamefinal.ilk
c:\users\thanh\source\repos\gamefinal\debug\gamefinal.pdb
c:\users\thanh\source\repos\gamefinal\gamefinal\debug\gamefinal.tlog\cl.command.1.tlog
c:\users\thanh\source\repos\gamefinal\gamefinal\debug\gamefinal.tlog\cl.read.1.tlog
c:\users\thanh\source\repos\gamefinal\gamefinal\debug\gamefinal.tlog\cl.write.1.tlog
c:\users\thanh\source\repos\gamefinal\gamefinal\debug\gamefinal.tlog\link.command.1.tlog
c:\users\thanh\source\repos\gamefinal\gamefinal\debug\gamefinal.tlog\link.read.1.tlog
c:\users\thanh\source\repos\gamefinal\gamefinal\debug\gamefinal.tlog\link.write.1.tlog
